Remove Pin=P1-2 From Net=D2M1
Remove Pin=P1-4 From Net=D1M2
Change Component Footprint: Designator=P3 Old Footprint=61300911121 New Footprint=61300911121
Change Component Designator: OldDesignator=J1 NewDesignator=J2
Change Component Designator: OldDesignator=P1 NewDesignator=P2
Change Component Designator: OldDesignator=P2 NewDesignator=P3
Change Component Designator: OldDesignator=P3 NewDesignator=P1
Change Component Designator: OldDesignator=Q1 NewDesignator=Q25
Change Component Designator: OldDesignator=Q2 NewDesignator=Q26
Change Component Designator: OldDesignator=Q5 NewDesignator=Q9
Change Component Designator: OldDesignator=Q6 NewDesignator=Q13
Change Component Designator: OldDesignator=Q7 NewDesignator=Q10
Change Component Designator: OldDesignator=Q8 NewDesignator=Q11
Change Component Designator: OldDesignator=Q9 NewDesignator=Q19
Change Component Designator: OldDesignator=Q10 NewDesignator=Q6
Change Component Designator: OldDesignator=Q11 NewDesignator=Q7
Change Component Designator: OldDesignator=Q12 NewDesignator=Q20
Change Component Designator: OldDesignator=Q13 NewDesignator=Q15
Change Component Designator: OldDesignator=Q14 NewDesignator=Q16
Change Component Designator: OldDesignator=Q15 NewDesignator=Q12
Change Component Designator: OldDesignator=Q16 NewDesignator=Q14
Change Component Designator: OldDesignator=Q17 NewDesignator=Q23
Change Component Designator: OldDesignator=Q18 NewDesignator=Q24
Change Component Designator: OldDesignator=R1 NewDesignator=R33
Change Component Designator: OldDesignator=R2 NewDesignator=R34
Change Component Designator: OldDesignator=R3 NewDesignator=R35
Change Component Designator: OldDesignator=R4 NewDesignator=R36
Change Component Designator: OldDesignator=R5 NewDesignator=R37
Change Component Designator: OldDesignator=R6 NewDesignator=R38
Change Component Designator: OldDesignator=R7 NewDesignator=R1
Change Component Designator: OldDesignator=R8 NewDesignator=R2
Change Component Designator: OldDesignator=R9 NewDesignator=R3
Change Component Designator: OldDesignator=R10 NewDesignator=R4
Change Component Designator: OldDesignator=R11 NewDesignator=R5
Change Component Designator: OldDesignator=R12 NewDesignator=R6
Change Component Designator: OldDesignator=R13 NewDesignator=R7
Change Component Designator: OldDesignator=R14 NewDesignator=R8
Change Component Designator: OldDesignator=R15 NewDesignator=R9
Change Component Designator: OldDesignator=R16 NewDesignator=R10
Change Component Designator: OldDesignator=R17 NewDesignator=R11
Change Component Designator: OldDesignator=R18 NewDesignator=R12
Change Component Designator: OldDesignator=R19 NewDesignator=R13
Change Component Designator: OldDesignator=R20 NewDesignator=R14
Change Component Designator: OldDesignator=R21 NewDesignator=R15
Change Component Designator: OldDesignator=R22 NewDesignator=R16
Change Component Designator: OldDesignator=R23 NewDesignator=R17
Change Component Designator: OldDesignator=R24 NewDesignator=R18
Change Component Designator: OldDesignator=R25 NewDesignator=R19
Change Component Designator: OldDesignator=R26 NewDesignator=R20
Change Component Designator: OldDesignator=R27 NewDesignator=R21
Change Component Designator: OldDesignator=R28 NewDesignator=R22
Change Component Designator: OldDesignator=R29 NewDesignator=R23
Change Component Designator: OldDesignator=R30 NewDesignator=R24
Change Component Designator: OldDesignator=R31 NewDesignator=R25
Change Component Designator: OldDesignator=R32 NewDesignator=R26
Change Component Designator: OldDesignator=R33 NewDesignator=R27
Change Component Designator: OldDesignator=R34 NewDesignator=R28
Change Component Designator: OldDesignator=R35 NewDesignator=R29
Change Component Designator: OldDesignator=R36 NewDesignator=R30
Change Component Designator: OldDesignator=R37 NewDesignator=R31
Change Component Designator: OldDesignator=R38 NewDesignator=R32
Add Pin To Net: Pin=P2-2 Old Net=D2M1 New Net=D1M2
Add Pin To Net: Pin=P2-4 Old Net=D1M2 New Net=D2M1
